<?xml version="1.0" encoding="UTF-8"?>
<testng-results ignored="0" total="1" passed="1" failed="0" skipped="0">
  <reporter-output>
  </reporter-output>
  <suite started-at="2023-05-07T14:43:57 CEST" name="Default Suite" finished-at="2023-05-07T14:46:11 CEST" duration-ms="133589">
    <groups>
    </groups>
    <test started-at="2023-05-07T14:43:57 CEST" name="ZavrsniProjekat" finished-at="2023-05-07T14:46:11 CEST" duration-ms="133589">
      <class name="tests.LoginTest">
        <test-method is-config="true" signature="setup(java.lang.String)[pri:0, instance:tests.LoginTest@1a38c59b]" started-at="2023-05-07T14:43:58 CEST" name="setup" finished-at="2023-05-07T14:44:37 CEST" duration-ms="39683" status="PASS">
          <params>
            <param index="0">
              <value>
                <![CDATA[Chrome]]>
              </value>
            </param>
          </params>
          <reporter-output>
          </reporter-output>
        </test-method> <!-- setup -->
        <test-method signature="loginTest()[pri:0, instance:tests.LoginTest@1a38c59b]" started-at="2023-05-07T14:44:39 CEST" name="loginTest" finished-at="2023-05-07T14:45:56 CEST" duration-ms="76760" status="PASS">
          <reporter-output>
          </reporter-output>
        </test-method> <!-- loginTest -->
        <test-method is-config="true" signature="closeBrowser()[pri:0, instance:tests.LoginTest@1a38c59b]" started-at="2023-05-07T14:45:56 CEST" name="closeBrowser" finished-at="2023-05-07T14:46:11 CEST" duration-ms="14793" status="PASS">
          <reporter-output>
          </reporter-output>
        </test-method> <!-- closeBrowser -->
      </class> <!-- tests.LoginTest -->
    </test> <!-- ZavrsniProjekat -->
  </suite> <!-- Default Suite -->
</testng-results>
